@I [LIC-101] Checked out feature [VIVADO_HLS]
@I [HLS-10] Running 'c:/Xilinx/Vivado_HLS/2014.1/bin/unwrapped/win64.o/vivado_hls.exe'
            for user 'C4Josh' on host 'wes-server' (Windows NT_amd64 version 6.1) on Sat Dec 12 07:53:17 -0800 2015
            in directory 'C:/Users/C4Josh/src/p5/ip'
@I [HLS-10] Opening project 'C:/Users/C4Josh/src/p5/ip/hls'.
@I [HLS-10] Opening solution 'C:/Users/C4Josh/src/p5/ip/hls/solution1'.
@I [SYN-201] Setting up clock 'default' with a period of 10ns.
@I [HLS-10] Setting target device to 'xc7z020clg484-1'
@I [IMPL-8] Exporting RTL as an IP in IP-XACT.

****** Vivado v2014.1 (64-bit)
  **** SW Build 881834 on Fri Apr  4 14:15:54 MDT 2014
  **** IP Build 877625 on Fri Mar 28 16:29:15 MDT 2014
    ** Copyright 1986-2014 Xilinx, Inc. All Rights Reserved.

source run_ippack.tcl -notrace
INFO: [IP_Flow 19-234] Refreshing IP repositories
INFO: [IP_Flow 19-1704] No user IP repositories specified
INFO: [IP_Flow 19-2313] Loaded Vivado IP repository 'c:/Xilinx/Vivado/2014.1/data/ip'.
INFO: [IP_Flow 19-1686] Generating 'Synthesis' target for IP 'wbfm_ap_dcmp_1_no_dsp'...
INFO: [IP_Flow 19-1686] Generating 'Simulation' target for IP 'wbfm_ap_dcmp_1_no_dsp'...
generate_target: Time (s): cpu = 00:00:02 ; elapsed = 00:00:06 . Memory (MB): peak = 209.531 ; gain = 2.750
INFO: [IP_Flow 19-1686] Generating 'Synthesis' target for IP 'wbfm_ap_faddfsub_3_full_dsp'...
INFO: [IP_Flow 19-1686] Generating 'Simulation' target for IP 'wbfm_ap_faddfsub_3_full_dsp'...
generate_target: Time (s): cpu = 00:00:02 ; elapsed = 00:00:06 . Memory (MB): peak = 217.449 ; gain = 6.840
INFO: [IP_Flow 19-1686] Generating 'Synthesis' target for IP 'wbfm_ap_fadd_3_full_dsp'...
INFO: [IP_Flow 19-1686] Generating 'Simulation' target for IP 'wbfm_ap_fadd_3_full_dsp'...
generate_target: Time (s): cpu = 00:00:02 ; elapsed = 00:00:05 . Memory (MB): peak = 225.859 ; gain = 7.395
INFO: [IP_Flow 19-1686] Generating 'Synthesis' target for IP 'wbfm_ap_fcmp_1_no_dsp'...
INFO: [IP_Flow 19-1686] Generating 'Simulation' target for IP 'wbfm_ap_fcmp_1_no_dsp'...
generate_target: Time (s): cpu = 00:00:02 ; elapsed = 00:00:06 . Memory (MB): peak = 233.426 ; gain = 6.496
INFO: [IP_Flow 19-1686] Generating 'Synthesis' target for IP 'wbfm_ap_fdiv_14_no_dsp'...
INFO: [IP_Flow 19-1686] Generating 'Simulation' target for IP 'wbfm_ap_fdiv_14_no_dsp'...
INFO: [IP_Flow 19-1686] Generating 'Synthesis' target for IP 'wbfm_ap_fmul_2_max_dsp'...
INFO: [IP_Flow 19-1686] Generating 'Simulation' target for IP 'wbfm_ap_fmul_2_max_dsp'...
generate_target: Time (s): cpu = 00:00:02 ; elapsed = 00:00:05 . Memory (MB): peak = 249.266 ; gain = 6.746
INFO: [IP_Flow 19-1686] Generating 'Synthesis' target for IP 'wbfm_ap_fpext_1_no_dsp'...
INFO: [IP_Flow 19-1686] Generating 'Simulation' target for IP 'wbfm_ap_fpext_1_no_dsp'...
generate_target: Time (s): cpu = 00:00:02 ; elapsed = 00:00:05 . Memory (MB): peak = 257.125 ; gain = 5.992
INFO: [IP_Flow 19-1686] Generating 'Synthesis' target for IP 'wbfm_ap_fsub_3_full_dsp'...
INFO: [IP_Flow 19-1686] Generating 'Simulation' target for IP 'wbfm_ap_fsub_3_full_dsp'...
generate_target: Time (s): cpu = 00:00:02 ; elapsed = 00:00:05 . Memory (MB): peak = 265.754 ; gain = 6.840
INFO: [IP_Flow 19-1686] Generating 'Synthesis' target for IP 'wbfm_ap_sitofp_4_no_dsp'...
INFO: [IP_Flow 19-1686] Generating 'Simulation' target for IP 'wbfm_ap_sitofp_4_no_dsp'...
generate_target: Time (s): cpu = 00:00:02 ; elapsed = 00:00:06 . Memory (MB): peak = 273.555 ; gain = 6.063
INFO: [IP_Flow 19-234] Refreshing IP repositories
INFO: [IP_Flow 19-1704] No user IP repositories specified
INFO: [IP_Flow 19-2313] Loaded Vivado IP repository 'c:/Xilinx/Vivado/2014.1/data/ip'.
INFO: [Common 17-206] Exiting Vivado at Sat Dec 12 07:55:00 2015...
@I [LIC-101] Checked in feature [VIVADO_HLS]
